Agile App/Library/Bee/Android/Prj/IL2CPP/Gradle/launcher/build/intermediates/manifest_merge_blame_file/release/manifest-merger-blame-release-report.txt
1<?xml version="1.0" encoding="utf-8"?>
2<manifest xmlns:android="http://schemas.android.com/apk/res/android"
3    package="com.DefaultCompany.AgileApp"
4    android:installLocation="preferExternal"
5    android:versionCode="1"
6    android:versionName="1.0" >
7
8    <uses-sdk
9        android:minSdkVersion="24"
9-->src\main\AndroidManifest.xml
10        android:targetSdkVersion="32" />
10-->src\main\AndroidManifest.xml
11
12    <supports-screens
12-->src\main\AndroidManifest.xml:4:3-163
13        android:anyDensity="true"
13-->src\main\AndroidManifest.xml:4:135-160
14        android:largeScreens="true"
14-->src\main\AndroidManifest.xml:4:78-105
15        android:normalScreens="true"
15-->src\main\AndroidManifest.xml:4:49-77
16        android:smallScreens="true"
16-->src\main\AndroidManifest.xml:4:21-48
17        android:xlargeScreens="true" />
17-->src\main\AndroidManifest.xml:4:106-134
18
19    <uses-permission android:name="android.permission.WRITE_EXTERNAL_STORAGE" />
19-->[:unityLibrary] AndroidManifest.xml:10:5-81
19-->[:unityLibrary] AndroidManifest.xml:10:22-78
20    <uses-permission android:name="android.permission.READ_EXTERNAL_STORAGE" />
20-->[:unityLibrary] AndroidManifest.xml:11:5-80
20-->[:unityLibrary] AndroidManifest.xml:11:22-77
21    <uses-permission android:name="android.permission.INTERNET" />
21-->[:unityLibrary] AndroidManifest.xml:12:5-67
21-->[:unityLibrary] AndroidManifest.xml:12:22-64
22
23    <uses-feature android:glEsVersion="0x00030000" />
23-->[:unityLibrary] AndroidManifest.xml:14:5-54
23-->[:unityLibrary] AndroidManifest.xml:14:19-51
24    <uses-feature
24-->[:unityLibrary] AndroidManifest.xml:15:5-17:36
25        android:name="android.hardware.touchscreen"
25-->[:unityLibrary] AndroidManifest.xml:16:9-52
26        android:required="false" />
26-->[:unityLibrary] AndroidManifest.xml:17:9-33
27    <uses-feature
27-->[:unityLibrary] AndroidManifest.xml:18:5-20:36
28        android:name="android.hardware.touchscreen.multitouch"
28-->[:unityLibrary] AndroidManifest.xml:19:9-63
29        android:required="false" />
29-->[:unityLibrary] AndroidManifest.xml:20:9-33
30    <uses-feature
30-->[:unityLibrary] AndroidManifest.xml:21:5-23:36
31        android:name="android.hardware.touchscreen.multitouch.distinct"
31-->[:unityLibrary] AndroidManifest.xml:22:9-72
32        android:required="false" />
32-->[:unityLibrary] AndroidManifest.xml:23:9-33
33
34    <uses-permission android:name="android.permission.CAMERA" />
34-->[:unityLibrary] AndroidManifest.xml:25:5-65
34-->[:unityLibrary] AndroidManifest.xml:25:22-62
35
36    <uses-feature
36-->[:unityLibrary] AndroidManifest.xml:27:5-29:35
37        android:name="android.hardware.camera.ar"
37-->[:unityLibrary] AndroidManifest.xml:28:9-50
38        android:required="true" />
38-->[:unityLibrary] AndroidManifest.xml:29:9-32
39    <uses-feature
39-->[:unityLibrary] AndroidManifest.xml:30:5-32:35
40        android:name="com.google.ar.core.depth"
40-->[:unityLibrary] AndroidManifest.xml:31:9-48
41        android:required="true" />
41-->[:unityLibrary] AndroidManifest.xml:32:9-32
42
43    <queries>
43-->[:arcore_client:] AndroidManifest.xml:29:5-31:15
44        <package android:name="com.google.ar.core" />
44-->[:arcore_client:] AndroidManifest.xml:30:9-54
44-->[:arcore_client:] AndroidManifest.xml:30:18-51
45    </queries>
46
47    <application
47-->src\main\AndroidManifest.xml:3:3-83
48        android:extractNativeLibs="true"
48-->[:unityLibrary] AndroidManifest.xml:34:18-50
49        android:icon="@mipmap/app_icon"
49-->src\main\AndroidManifest.xml:3:49-80
50        android:label="@string/app_name" >
50-->src\main\AndroidManifest.xml:3:16-48
51        <meta-data
51-->[:unityLibrary] AndroidManifest.xml:35:9-37:33
52            android:name="unity.splash-mode"
52-->[:unityLibrary] AndroidManifest.xml:36:13-45
53            android:value="0" />
53-->[:unityLibrary] AndroidManifest.xml:37:13-30
54        <meta-data
54-->[:unityLibrary] AndroidManifest.xml:38:9-40:36
55            android:name="unity.splash-enable"
55-->[:unityLibrary] AndroidManifest.xml:39:13-47
56            android:value="True" />
56-->[:unityLibrary] AndroidManifest.xml:40:13-33
57        <meta-data
57-->[:unityLibrary] AndroidManifest.xml:41:9-43:36
58            android:name="unity.launch-fullscreen"
58-->[:unityLibrary] AndroidManifest.xml:42:13-51
59            android:value="True" />
59-->[:unityLibrary] AndroidManifest.xml:43:13-33
60        <meta-data
60-->[:unityLibrary] AndroidManifest.xml:44:9-46:37
61            android:name="unity.allow-resizable-window"
61-->[:unityLibrary] AndroidManifest.xml:45:13-56
62            android:value="False" />
62-->[:unityLibrary] AndroidManifest.xml:46:13-34
63        <meta-data
63-->[:unityLibrary] AndroidManifest.xml:47:9-49:50
64            android:name="notch.config"
64-->[:unityLibrary] AndroidManifest.xml:48:13-40
65            android:value="portrait|landscape" />
65-->[:unityLibrary] AndroidManifest.xml:49:13-47
66        <meta-data
66-->[:unityLibrary] AndroidManifest.xml:50:9-52:36
67            android:name="unity.auto-report-fully-drawn"
67-->[:unityLibrary] AndroidManifest.xml:51:13-57
68            android:value="true" />
68-->[:unityLibrary] AndroidManifest.xml:52:13-33
69
70        <activity
70-->[:unityLibrary] AndroidManifest.xml:54:9-75:20
71            android:name="com.unity3d.player.UnityPlayerActivity"
71-->[:unityLibrary] AndroidManifest.xml:55:13-66
72            android:configChanges="mcc|mnc|locale|touchscreen|keyboard|keyboardHidden|navigation|orientation|screenLayout|uiMode|screenSize|smallestScreenSize|fontScale|layoutDirection|density"
72-->[:unityLibrary] AndroidManifest.xml:56:13-194
73            android:exported="true"
73-->[:unityLibrary] AndroidManifest.xml:57:13-36
74            android:hardwareAccelerated="false"
74-->[:unityLibrary] AndroidManifest.xml:58:13-48
75            android:launchMode="singleTask"
75-->[:unityLibrary] AndroidManifest.xml:59:13-44
76            android:resizeableActivity="false"
76-->[:unityLibrary] AndroidManifest.xml:60:13-47
77            android:screenOrientation="fullUser"
77-->[:unityLibrary] AndroidManifest.xml:61:13-49
78            android:theme="@style/UnityThemeSelector" >
78-->[:unityLibrary] AndroidManifest.xml:62:13-54
79            <intent-filter>
79-->[:unityLibrary] AndroidManifest.xml:63:13-67:29
80                <category android:name="android.intent.category.LAUNCHER" />
80-->[:unityLibrary] AndroidManifest.xml:64:17-77
80-->[:unityLibrary] AndroidManifest.xml:64:27-74
81
82                <action android:name="android.intent.action.MAIN" />
82-->[:unityLibrary] AndroidManifest.xml:66:17-69
82-->[:unityLibrary] AndroidManifest.xml:66:25-66
83            </intent-filter>
84
85            <meta-data
85-->[:unityLibrary] AndroidManifest.xml:69:13-71:40
86                android:name="unityplayer.UnityActivity"
86-->[:unityLibrary] AndroidManifest.xml:70:17-57
87                android:value="true" />
87-->[:unityLibrary] AndroidManifest.xml:71:17-37
88            <meta-data
88-->[:unityLibrary] AndroidManifest.xml:72:13-74:40
89                android:name="notch_support"
89-->[:unityLibrary] AndroidManifest.xml:73:17-45
90                android:value="true" />
90-->[:unityLibrary] AndroidManifest.xml:74:17-37
91        </activity>
92
93        <meta-data
93-->[:unityLibrary] AndroidManifest.xml:77:9-79:36
94            android:name="unityplayer.SkipPermissionsDialog"
94-->[:unityLibrary] AndroidManifest.xml:78:13-61
95            android:value="true" />
95-->[:unityLibrary] AndroidManifest.xml:79:13-33
96        <meta-data
96-->[:unityLibrary] AndroidManifest.xml:80:9-82:40
97            android:name="com.google.ar.core"
97-->[:unityLibrary] AndroidManifest.xml:81:13-46
98            android:value="required" /> <!-- The minimal version code of ARCore APK required for an app using this SDK. -->
98-->[:unityLibrary] AndroidManifest.xml:82:13-37
99        <meta-data
99-->[:arcore_client:] AndroidManifest.xml:36:9-38:41
100            android:name="com.google.ar.core.min_apk_version"
100-->[:arcore_client:] AndroidManifest.xml:37:13-62
101            android:value="220920000" /> <!-- This activity is critical for installing ARCore when it is not already present. -->
101-->[:arcore_client:] AndroidManifest.xml:38:13-38
102        <activity
102-->[:arcore_client:] AndroidManifest.xml:40:9-46:80
103            android:name="com.google.ar.core.InstallActivity"
103-->[:arcore_client:] AndroidManifest.xml:41:13-62
104            android:configChanges="keyboardHidden|orientation|screenSize"
104-->[:arcore_client:] AndroidManifest.xml:42:13-74
105            android:excludeFromRecents="true"
105-->[:arcore_client:] AndroidManifest.xml:43:13-46
106            android:exported="false"
106-->[:arcore_client:] AndroidManifest.xml:44:13-37
107            android:launchMode="singleTop"
107-->[:arcore_client:] AndroidManifest.xml:45:13-43
108            android:theme="@android:style/Theme.Material.Light.Dialog.Alert" />
108-->[:arcore_client:] AndroidManifest.xml:46:13-77
109    </application>
110
111</manifest>